<?xml version="1.0" encoding="UTF-8"?>
<testng-results ignored="0" total="2" passed="2" failed="0" skipped="0">
  <reporter-output>
  </reporter-output>
  <suite started-at="2024-04-11T12:25:42 IST" name="Default suite" finished-at="2024-04-11T12:26:32 IST" duration-ms="49153">
    <groups>
    </groups>
    <test started-at="2024-04-11T12:25:42 IST" name="Default test" finished-at="2024-04-11T12:26:32 IST" duration-ms="49153">
      <class name="com.cff.tests.OrageHRMTest">
        <test-method is-config="true" signature="setUp()[pri:0, instance:com.cff.tests.OrageHRMTest@54d9d12d]" started-at="2024-04-11T12:25:42 IST" name="setUp" finished-at="2024-04-11T12:26:11 IST" duration-ms="28239" status="PASS">
          <reporter-output>
          </reporter-output>
        </test-method> <!-- setUp -->
        <test-method is-config="true" signature="setUp()[pri:0, instance:com.cff.tests.OrageHRMTest@54d9d12d]" started-at="2024-04-11T12:25:42 IST" name="setUp" finished-at="2024-04-11T12:26:02 IST" duration-ms="19201" status="PASS">
          <reporter-output>
          </reporter-output>
        </test-method> <!-- setUp -->
        <test-method signature="loginLogoutTest(java.lang.String,java.lang.String)[pri:0, instance:com.cff.tests.OrageHRMTest@54d9d12d]" started-at="2024-04-11T12:26:02 IST" name="loginLogoutTest" data-provider="LoginTest" finished-at="2024-04-11T12:26:23 IST" duration-ms="20879" status="PASS">
          <params>
            <param index="0">
              <value>
                <![CDATA[admin]]>
              </value>
            </param>
            <param index="1">
              <value>
                <![CDATA[admin123]]>
              </value>
            </param>
          </params>
          <reporter-output>
          </reporter-output>
        </test-method> <!-- loginLogoutTest -->
        <test-method signature="loginLogoutTest(java.lang.String,java.lang.String)[pri:0, instance:com.cff.tests.OrageHRMTest@54d9d12d]" started-at="2024-04-11T12:26:11 IST" name="loginLogoutTest" data-provider="LoginTest" finished-at="2024-04-11T12:26:31 IST" duration-ms="20543" status="PASS">
          <params>
            <param index="0">
              <value>
                <![CDATA[admin]]>
              </value>
            </param>
            <param index="1">
              <value>
                <![CDATA[admin123]]>
              </value>
            </param>
          </params>
          <reporter-output>
          </reporter-output>
        </test-method> <!-- loginLogoutTest -->
        <test-method is-config="true" signature="tearDown()[pri:0, instance:com.cff.tests.OrageHRMTest@54d9d12d]" started-at="2024-04-11T12:26:23 IST" name="tearDown" finished-at="2024-04-11T12:26:23 IST" duration-ms="827" status="PASS">
          <reporter-output>
          </reporter-output>
        </test-method> <!-- tearDown -->
        <test-method is-config="true" signature="tearDown()[pri:0, instance:com.cff.tests.OrageHRMTest@54d9d12d]" started-at="2024-04-11T12:26:31 IST" name="tearDown" finished-at="2024-04-11T12:26:32 IST" duration-ms="298" status="PASS">
          <reporter-output>
          </reporter-output>
        </test-method> <!-- tearDown -->
      </class> <!-- com.cff.tests.OrageHRMTest -->
    </test> <!-- Default test -->
  </suite> <!-- Default suite -->
</testng-results>
